<?xml version="1.0" encoding="UTF-8"?>
<testng-results ignored="0" total="1" passed="1" failed="0" skipped="0">
  <reporter-output>
  </reporter-output>
  <suite started-at="2025-09-16T12:45:17 IST" name="Default suite" finished-at="2025-09-16T12:45:18 IST" duration-ms="898">
    <groups>
    </groups>
    <test started-at="2025-09-16T12:45:17 IST" name="Default test" finished-at="2025-09-16T12:45:18 IST" duration-ms="898">
      <class name="file.SumValidation">
        <test-method signature="sumOfCourses()[pri:0, instance:file.SumValidation@6e0dec4a]" started-at="2025-09-16T12:45:17 IST" name="sumOfCourses" finished-at="2025-09-16T12:45:18 IST" duration-ms="874" status="PASS">
          <reporter-output>
          </reporter-output>
        </test-method> <!-- sumOfCourses -->
      </class> <!-- file.SumValidation -->
    </test> <!-- Default test -->
  </suite> <!-- Default suite -->
</testng-results>
